Using pre-set license
Built from '2022.1/staging' branch; Version is '2022.1.16f1 (7321c9670bc2) revision 7545289'; Using compiler version '192829333'; Build Type 'Release'
OS: 'Windows 11  (10.0.22621) 64bit Professional' Language: 'en' Physical Memory: 32529 MB
BatchMode: 1, IsHumanControllingUs: 0, StartBugReporterOnCrash: 0, Is64bit: 1, IsPro: 1

COMMAND LINE ARGUMENTS:
C:\Program Files\Unity\Hub\Editor\2022.1.16f1\Editor\Unity.exe
-adb2
-batchMode
-noUpm
-name
AssetImportWorker0
-projectPath
C:/Users/Joshua Yap/Desktop/Josh/School/UOIT Year 3/Game Engine/Bonus/My project
-logFile
Logs/AssetImportWorker0.log
-srvPort
58403
Successfully changed project path to: C:/Users/Joshua Yap/Desktop/Josh/School/UOIT Year 3/Game Engine/Bonus/My project
C:/Users/Joshua Yap/Desktop/Josh/School/UOIT Year 3/Game Engine/Bonus/My project
[UnityMemory] Configuration Parameters - Can be set up in boot.config
    "memorysetup-bucket-allocator-granularity=16"
    "memorysetup-bucket-allocator-bucket-count=8"
    "memorysetup-bucket-allocator-block-size=33554432"
    "memorysetup-bucket-allocator-block-count=8"
    "memorysetup-main-allocator-block-size=16777216"
    "memorysetup-thread-allocator-block-size=16777216"
    "memorysetup-gfx-main-allocator-block-size=16777216"
    "memorysetup-gfx-thread-allocator-block-size=16777216"
    "memorysetup-cache-allocator-block-size=4194304"
    "memorysetup-typetree-allocator-block-size=2097152"
    "memorysetup-profiler-bucket-allocator-granularity=16"
    "memorysetup-profiler-bucket-allocator-bucket-count=8"
    "memorysetup-profiler-bucket-allocator-block-size=33554432"
    "memorysetup-profiler-bucket-allocator-block-count=8"
    "memorysetup-profiler-allocator-block-size=16777216"
    "memorysetup-profiler-editor-allocator-block-size=1048576"
    "memorysetup-temp-allocator-size-main=16777216"
    "memorysetup-job-temp-allocator-block-size=2097152"
    "memorysetup-job-temp-allocator-block-size-background=1048576"
    "memorysetup-job-temp-allocator-reduction-small-platforms=262144"
    "memorysetup-temp-allocator-size-background-worker=32768"
    "memorysetup-temp-allocator-size-job-worker=262144"
    "memorysetup-temp-allocator-size-preload-manager=33554432"
    "memorysetup-temp-allocator-size-nav-mesh-worker=65536"
    "memorysetup-temp-allocator-size-audio-worker=65536"
    "memorysetup-temp-allocator-size-cloud-worker=32768"
    "memorysetup-temp-allocator-size-gi-baking-worker=262144"
    "memorysetup-temp-allocator-size-gfx=262144"
Refreshing native plugins compatible for Editor in 114.49 ms, found 3 plugins.
Preloading 0 native plugins for Editor in 0.00 ms.
Initialize engine version: 2022.1.16f1 (7321c9670bc2)
[Subsystems] Discovering subsystems at path C:/Program Files/Unity/Hub/Editor/2022.1.16f1/Editor/Data/Resources/UnitySubsystems
[Subsystems] Discovering subsystems at path C:/Users/Joshua Yap/Desktop/Josh/School/UOIT Year 3/Game Engine/Bonus/My project/Assets
GfxDevice: creating device client; threaded=0; jobified=0
Direct3D:
    Version:  Direct3D 11.0 [level 11.1]
    Renderer: NVIDIA GeForce RTX 2070 Super (ID=0x1e91)
    Vendor:   NVIDIA
    VRAM:     8012 MB
    Driver:   31.0.15.1700
Initialize mono
Mono path[0] = 'C:/Program Files/Unity/Hub/Editor/2022.1.16f1/Editor/Data/Managed'
Mono path[1] = 'C:/Program Files/Unity/Hub/Editor/2022.1.16f1/Editor/Data/MonoBleedingEdge/lib/mono/unityjit-win32'
Mono config path = 'C:/Program Files/Unity/Hub/Editor/2022.1.16f1/Editor/Data/MonoBleedingEdge/etc'
Using monoOptions --debugger-agent=transport=dt_socket,embedding=1,server=y,suspend=n,address=127.0.0.1:56972
Begin MonoManager ReloadAssembly
Registering precompiled unity dll's ...
Register platform support module: C:/Program Files/Unity/Hub/Editor/2022.1.16f1/Editor/Data/PlaybackEngines/WindowsStandaloneSupport/UnityEditor.WindowsStandalone.Extensions.dll
Registered in 0.009476 seconds.
Native extension for WindowsStandalone target not found
Refreshing native plugins compatible for Editor in 112.54 ms, found 3 plugins.
Preloading 0 native plugins for Editor in 0.00 ms.
Mono: successfully reloaded assembly
- Completed reload, in  1.065 seconds
Domain Reload Profiling:
	ReloadAssembly (1066ms)
		BeginReloadAssembly (107ms)
			ExecutionOrderSort (0ms)
			DisableScriptedObjects (0ms)
			BackupInstance (0ms)
			ReleaseScriptingObjects (0ms)
			CreateAndSetChildDomain (1ms)
		EndReloadAssembly (790ms)
			LoadAssemblies (104ms)
			RebuildTransferFunctionScriptingTraits (0ms)
			SetupTypeCache (211ms)
				TypeCache.Initialize (211ms)
					TypeCache.ScanAssembly (209ms)
				ResolveRequiredComponents (1ms)
			ReleaseScriptCaches (0ms)
			RebuildScriptCaches (46ms)
			SetupLoadedEditorAssemblies (444ms)
				LogAssemblyErrors (0ms)
				InitializePlatformSupportModulesInManaged (12ms)
				SetLoadedEditorAssemblies (11ms)
				RefreshPlugins (113ms)
				BeforeProcessingInitializeOnLoad (3ms)
				ProcessInitializeOnLoadAttributes (219ms)
				ProcessInitializeOnLoadMethodAttributes (86ms)
				AfterProcessingInitializeOnLoad (0ms)
				EditorAssembliesLoaded (0ms)
			ExecutionOrderSort2 (0ms)
			AwakeInstancesAfterBackupRestoration (0ms)
Platform modules already initialized, skipping
Registering precompiled user dll's ...
Registered in 0.011058 seconds.
Begin MonoManager ReloadAssembly
Symbol file LoadedFromMemory doesn't match image C:\Users\Joshua Yap\Desktop\Josh\School\UOIT Year 3\Game Engine\Bonus\My project\Library\PackageCache\com.unity.visualscripting@1.7.8\Editor\VisualScripting.Core\Dependencies\YamlDotNet\Unity.VisualScripting.YamlDotNet.dll
Symbol file LoadedFromMemory doesn't match image C:\Users\Joshua Yap\Desktop\Josh\School\UOIT Year 3\Game Engine\Bonus\My project\Library\PackageCache\com.unity.visualscripting@1.7.8\Editor\VisualScripting.Core\Dependencies\DotNetZip\Unity.VisualScripting.IonicZip.dll
Native extension for WindowsStandalone target not found
Refreshing native plugins compatible for Editor in 0.75 ms, found 3 plugins.
Preloading 0 native plugins for Editor in 0.00 ms.
Mono: successfully reloaded assembly
- Completed reload, in  1.787 seconds
Domain Reload Profiling:
	ReloadAssembly (1789ms)
		BeginReloadAssembly (190ms)
			ExecutionOrderSort (0ms)
			DisableScriptedObjects (8ms)
			BackupInstance (0ms)
			ReleaseScriptingObjects (0ms)
			CreateAndSetChildDomain (29ms)
		EndReloadAssembly (1410ms)
			LoadAssemblies (140ms)
			RebuildTransferFunctionScriptingTraits (0ms)
			SetupTypeCache (435ms)
				TypeCache.Initialize (428ms)
					TypeCache.ScanAssembly (423ms)
				ResolveRequiredComponents (6ms)
			ReleaseScriptCaches (1ms)
			RebuildScriptCaches (94ms)
			SetupLoadedEditorAssemblies (671ms)
				LogAssemblyErrors (0ms)
				InitializePlatformSupportModulesInManaged (8ms)
				SetLoadedEditorAssemblies (11ms)
				RefreshPlugins (1ms)
				BeforeProcessingInitializeOnLoad (140ms)
				ProcessInitializeOnLoadAttributes (449ms)
				ProcessInitializeOnLoadMethodAttributes (52ms)
				AfterProcessingInitializeOnLoad (10ms)
				EditorAssembliesLoaded (0ms)
			ExecutionOrderSort2 (0ms)
			AwakeInstancesAfterBackupRestoration (11ms)
Platform modules already initialized, skipping
========================================================================
Worker process is ready to serve import requests
Launched and connected shader compiler UnityShaderCompiler.exe after 0.06 seconds
Refreshing native plugins compatible for Editor in 0.71 ms, found 3 plugins.
Preloading 0 native plugins for Editor in 0.00 ms.
Unloading 3399 Unused Serialized files (Serialized files now loaded: 0)
Unloading 26 unused Assets / (58.2 KB). Loaded Objects now: 3859.
Memory consumption went from 0.51 GB to 0.51 GB.
Total: 5.660400 ms (FindLiveObjects: 0.396600 ms CreateObjectMapping: 0.409600 ms MarkObjects: 4.733000 ms  DeleteObjects: 0.119000 ms)

AssetImportParameters requested are different than current active one (requested -> active):
  custom:video-decoder-ogg-theora: a1e56fd34408186e4bbccfd4996cb3dc -> 
  custom:container-muxer-webm: aa71ff27fc2769a1b78a27578f13a17b -> 
  custom:container-demuxer-webm: 4f35f7cbe854078d1ac9338744f61a02 -> 
  custom:video-encoder-webm-vp8: eb34c28f22e8b96e1ab97ce403110664 -> 
  custom:video-codec-MediaFoundation-h265: 746d11721c4dcdbdad8f713fa42b33f4 -> 
  custom:audio-encoder-webm-vorbis: bf7c407c2cedff20999df2af8eb42d56 -> 
  custom:framework-win-MediaFoundation: 216162199b28c13a410421893ffa2e32 -> 
  custom:container-demuxer-ogg: 62fdf1f143b41e24485cea50d1cbac27 -> 
  custom:video-decoder-webm-vp8: 9c59270c3fd7afecdb556c50c9e8de78 -> 
  custom:audio-decoder-ogg-vorbis: bf7c407c2cedff20999df2af8eb42d56 -> 
========================================================================
Received Import Request.
  Time since last request: 332916.785923 seconds.
  path: Assets/Scenes
  artifactKey: Guid(b759170d27b90ba4c85cccc713ccf4bc) Importer(815301076,1909f56bfc062723c751e8b465ee728b)
Start importing Assets/Scenes using Guid(b759170d27b90ba4c85cccc713ccf4bc) Importer(815301076,1909f56bfc062723c751e8b465ee728b)  -> (artifact id: 'e5da62c6a505bab2f7d8bc4eb0772103') in 0.005143 seconds 
========================================================================
Received Import Request.
  Time since last request: 0.000033 seconds.
  path: Assets/Scenes/SampleScene.unity
  artifactKey: Guid(9fc0d4010bbf28b4594072e72b8655ab) Importer(815301076,1909f56bfc062723c751e8b465ee728b)
Start importing Assets/Scenes/SampleScene.unity using Guid(9fc0d4010bbf28b4594072e72b8655ab) Importer(815301076,1909f56bfc062723c751e8b465ee728b)  -> (artifact id: 'f06ff7518c93fa7a16f3a53a85d38f58') in 0.008675 seconds 
========================================================================
Received Import Request.
  Time since last request: 135.343631 seconds.
  path: Assets/Cube_Grass_Single.fbx
  artifactKey: Guid(20b199c89e1cac945af35c0402bfb0e9) Importer(815301076,1909f56bfc062723c751e8b465ee728b)
Start importing Assets/Cube_Grass_Single.fbx using Guid(20b199c89e1cac945af35c0402bfb0e9) Importer(815301076,1909f56bfc062723c751e8b465ee728b)  -> (artifact id: '7ace9ad29fada9ae74d406d7abd32c3c') in 0.404324 seconds 
========================================================================
Received Import Request.
  Time since last request: 115.018534 seconds.
  path: Assets/Character_Gun.fbx
  artifactKey: Guid(a44534fac9226064cb910b08b13d9baf) Importer(815301076,1909f56bfc062723c751e8b465ee728b)
Start importing Assets/Character_Gun.fbx using Guid(a44534fac9226064cb910b08b13d9baf) Importer(815301076,1909f56bfc062723c751e8b465ee728b)  -> (artifact id: '79e083f170898dc0dfa455d39e3fbe6d') in 0.122031 seconds 
========================================================================
Received Import Request.
  Time since last request: 239.911016 seconds.
  path: Assets
  artifactKey: Guid(00000000000000001000000000000000) Importer(815301076,1909f56bfc062723c751e8b465ee728b)
Start importing Assets using Guid(00000000000000001000000000000000) Importer(815301076,1909f56bfc062723c751e8b465ee728b)  -> (artifact id: '6e8165099f8bfd50797b2ebe9f8b211b') in 0.007945 seconds 
========================================================================
Received Import Request.
  Time since last request: 15.782624 seconds.
  path: Assets/Scripts
  artifactKey: Guid(73766982b15b81047a0339a9de252050) Importer(815301076,1909f56bfc062723c751e8b465ee728b)
Start importing Assets/Scripts using Guid(73766982b15b81047a0339a9de252050) Importer(815301076,1909f56bfc062723c751e8b465ee728b)  -> (artifact id: '3b17c3f64bb459eb13bee51178803313') in 0.005597 seconds 
========================================================================
Received Import Request.
  Time since last request: 32.702354 seconds.
  path: Assets/Scripts/PlayerAction.inputactions
  artifactKey: Guid(dff1a54c09f61594291617784789f82d) Importer(815301076,1909f56bfc062723c751e8b465ee728b)
Start importing Assets/Scripts/PlayerAction.inputactions using Guid(dff1a54c09f61594291617784789f82d) Importer(815301076,1909f56bfc062723c751e8b465ee728b)  -> (artifact id: '74b20e5009ed381b24fb974e13556e73') in 0.009635 seconds 
========================================================================
Received Import Request.
  Time since last request: 4.344552 seconds.
  path: Assets/Scripts/PlayerController.cs
  artifactKey: Guid(fbc7c956fb821084fa8447b4171a8766) Importer(815301076,1909f56bfc062723c751e8b465ee728b)
Start importing Assets/Scripts/PlayerController.cs using Guid(fbc7c956fb821084fa8447b4171a8766) Importer(815301076,1909f56bfc062723c751e8b465ee728b)  -> (artifact id: '6e5a5ffd5ac074a5a432bf3092cce1d0') in 0.016465 seconds 
========================================================================
Received Import Request.
  Time since last request: 7.156783 seconds.
  path: Assets/Scripts/PlayerAction.cs
  artifactKey: Guid(6500abfb834adbc43884ffc5f4df4004) Importer(815301076,1909f56bfc062723c751e8b465ee728b)
Start importing Assets/Scripts/PlayerAction.cs using Guid(6500abfb834adbc43884ffc5f4df4004) Importer(815301076,1909f56bfc062723c751e8b465ee728b)  -> (artifact id: '55a7a998ad524afbb81c4e2bcfe38b20') in 0.002261 seconds 
========================================================================
Received Import Request.
  Time since last request: 211.348551 seconds.
  path: Assets/Prefab
  artifactKey: Guid(fd0cfb85a2c6da34f9bba985ee5c6f00) Importer(815301076,1909f56bfc062723c751e8b465ee728b)
Start importing Assets/Prefab using Guid(fd0cfb85a2c6da34f9bba985ee5c6f00) Importer(815301076,1909f56bfc062723c751e8b465ee728b)  -> (artifact id: '3254c83d179b81cec3f43506c563631d') in 0.005822 seconds 
========================================================================
Received Import Request.
  Time since last request: 12.716603 seconds.
  path: Assets/Prefab/Ground.prefab
  artifactKey: Guid(21ae8223e71e8274eaaa07b9a2dd8d3a) Importer(815301076,1909f56bfc062723c751e8b465ee728b)
Start importing Assets/Prefab/Ground.prefab using Guid(21ae8223e71e8274eaaa07b9a2dd8d3a) Importer(815301076,1909f56bfc062723c751e8b465ee728b)  -> (artifact id: 'a8ed07d92a0a4c2d660dcd50d3d56c89') in 0.019966 seconds 
========================================================================
Received Import Request.
  Time since last request: 24.841136 seconds.
  path: ProjectSettings/TagManager.asset
  artifactKey: Guid(00000000000000003000000000000000) Importer(815301076,1909f56bfc062723c751e8b465ee728b)
Start importing ProjectSettings/TagManager.asset using Guid(00000000000000003000000000000000) Importer(815301076,1909f56bfc062723c751e8b465ee728b)  -> (artifact id: 'cb505c08ba26e8f0afc55f076d485ded') in 0.007928 seconds 
========================================================================
Received Import Request.
  Time since last request: 176.674295 seconds.
  path: Assets/Prefab/Block.prefab
  artifactKey: Guid(b594878f26b47bb418230b5985c0a6e5) Importer(815301076,1909f56bfc062723c751e8b465ee728b)
Start importing Assets/Prefab/Block.prefab using Guid(b594878f26b47bb418230b5985c0a6e5) Importer(815301076,1909f56bfc062723c751e8b465ee728b)  -> (artifact id: '80d27f97f9823f06311cee9c952cd010') in 0.015398 seconds 
========================================================================
Received Import Request.
  Time since last request: 67.170090 seconds.
  path: Assets/Prefab/Block.prefab
  artifactKey: Guid(b594878f26b47bb418230b5985c0a6e5) Importer(815301076,1909f56bfc062723c751e8b465ee728b)
Start importing Assets/Prefab/Block.prefab using Guid(b594878f26b47bb418230b5985c0a6e5) Importer(815301076,1909f56bfc062723c751e8b465ee728b)  -> (artifact id: '75a462c38995905dff48127ae4d901e1') in 0.014532 seconds 
========================================================================
Received Import Request.
  Time since last request: 169.698626 seconds.
  path: Assets/Scripts/Observer
  artifactKey: Guid(2f686f9fa60883e409fcc242381b16ca) Importer(815301076,1909f56bfc062723c751e8b465ee728b)
Start importing Assets/Scripts/Observer using Guid(2f686f9fa60883e409fcc242381b16ca) Importer(815301076,1909f56bfc062723c751e8b465ee728b)  -> (artifact id: 'ce6e09385a8d52d8adbe3322c5498baf') in 0.008225 seconds 
========================================================================
Received Import Request.
  Time since last request: 20.492819 seconds.
  path: Assets/Scenes/PlatformGunner.unity
  artifactKey: Guid(0d92a6835aeb5024f9dad46677f531a5) Importer(815301076,1909f56bfc062723c751e8b465ee728b)
Start importing Assets/Scenes/PlatformGunner.unity using Guid(0d92a6835aeb5024f9dad46677f531a5) Importer(815301076,1909f56bfc062723c751e8b465ee728b)  -> (artifact id: 'cd9729cab9e078d84547e89f7d7bd8cf') in 0.008096 seconds 
========================================================================
Received Import Request.
  Time since last request: 24.716818 seconds.
  path: Assets/Scenes/SampleScene.unity
  artifactKey: Guid(9fc0d4010bbf28b4594072e72b8655ab) Importer(815301076,1909f56bfc062723c751e8b465ee728b)
Start importing Assets/Scenes/SampleScene.unity using Guid(9fc0d4010bbf28b4594072e72b8655ab) Importer(815301076,1909f56bfc062723c751e8b465ee728b)  -> (artifact id: 'edbc64ee9f959255553da07067b8cc98') in 0.002317 seconds 
========================================================================
Received Import Request.
  Time since last request: 34.747887 seconds.
  path: Assets/Prefab/Bullet2.prefab
  artifactKey: Guid(00266601aeb240943a41d5433e35ed35) Importer(815301076,1909f56bfc062723c751e8b465ee728b)
Start importing Assets/Prefab/Bullet2.prefab using Guid(00266601aeb240943a41d5433e35ed35) Importer(815301076,1909f56bfc062723c751e8b465ee728b)  -> (artifact id: '11649042f660956b062fd83df9fa4051') in 0.032114 seconds 
========================================================================
Received Import Request.
  Time since last request: 2.237445 seconds.
  path: Assets/Prefab/Bullet2Material.mat
  artifactKey: Guid(e6fa65ccfba4a6a4286636acb1e4198b) Importer(815301076,1909f56bfc062723c751e8b465ee728b)
Start importing Assets/Prefab/Bullet2Material.mat using Guid(e6fa65ccfba4a6a4286636acb1e4198b) Importer(815301076,1909f56bfc062723c751e8b465ee728b)  -> (artifact id: '088a53352a9d77b77343b0310a3017a8') in 0.017191 seconds 
========================================================================
Received Import Request.
  Time since last request: 224.217464 seconds.
  path: Assets/Scripts/Bullet.cs
  artifactKey: Guid(6f763c22ae736fe4183e6a91a41316c7) Importer(815301076,1909f56bfc062723c751e8b465ee728b)
Start importing Assets/Scripts/Bullet.cs using Guid(6f763c22ae736fe4183e6a91a41316c7) Importer(815301076,1909f56bfc062723c751e8b465ee728b)  -> (artifact id: '5ed646fb63e2d58de38ace1021aeffe8') in 0.008280 seconds 
========================================================================
Received Import Request.
  Time since last request: 39.134395 seconds.
  path: Assets/Scripts/PlayerInputController.cs
  artifactKey: Guid(d344357598282de49a60a72eb386a662) Importer(815301076,1909f56bfc062723c751e8b465ee728b)
Start importing Assets/Scripts/PlayerInputController.cs using Guid(d344357598282de49a60a72eb386a662) Importer(815301076,1909f56bfc062723c751e8b465ee728b)  -> (artifact id: '4ed5eae47d75235c38e219455949f269') in 0.006301 seconds 
========================================================================
Received Import Request.
  Time since last request: 166.643142 seconds.
  path: Assets/Scripts/NewPlayableAsset.cs
  artifactKey: Guid(4c14c85cbe6c814458c7554fb4f6f323) Importer(815301076,1909f56bfc062723c751e8b465ee728b)
Start importing Assets/Scripts/NewPlayableAsset.cs using Guid(4c14c85cbe6c814458c7554fb4f6f323) Importer(815301076,1909f56bfc062723c751e8b465ee728b)  -> (artifact id: '951360e78c8639d3a8edc14971e47fb3') in 0.006574 seconds 
========================================================================
Received Import Request.
  Time since last request: 568.850618 seconds.
  path: Assets/Samples/Input System/1.4.3/Custom Device Usages
  artifactKey: Guid(d813bde6a3409a74b9e3d8587c62717d) Importer(815301076,1909f56bfc062723c751e8b465ee728b)
Start importing Assets/Samples/Input System/1.4.3/Custom Device Usages using Guid(d813bde6a3409a74b9e3d8587c62717d) Importer(815301076,1909f56bfc062723c751e8b465ee728b)  -> (artifact id: '44a640e1f3dc5532b9372412ebe40c68') in 0.009186 seconds 
========================================================================
Received Import Request.
  Time since last request: 115.679716 seconds.
  path: Assets/Samples/New Terrain Layer.terrainlayer
  artifactKey: Guid(66fb559de452b464990bc85e5bdfbea9) Importer(815301076,1909f56bfc062723c751e8b465ee728b)
Start importing Assets/Samples/New Terrain Layer.terrainlayer using Guid(66fb559de452b464990bc85e5bdfbea9) Importer(815301076,1909f56bfc062723c751e8b465ee728b)  -> (artifact id: 'a97683f27bcf27d552f114c96b7007d3') in 0.017278 seconds 
